<?xml version="1.0" encoding="UTF-8"?>
<testsuites name="Issuing membership and Discount Suite" time="15" tests="3" failures="1" errors="0">
   <testsuite name="Issuing membership and Discount Suite" tests="3" failures="1" errors="0" time="15" timestamp="2018-10-28 10:40:09" hostname="Vanitha - DESKTOP-SLU6JHH" id="Test Suites/Decision Tables/Issuing membership and Discount/Issuing membership and Discount Suite">
      <properties>
         <property name="deviceName" value=""/>
         <property name="devicePlatform" value=""/>
         <property name="logFolder" value="D:\\Softwares\\KatalanStudioProjects\\UdemyProject\\Reports\\Decision Tables\\Issuing membership and Discount\\Issuing membership and Discount Suite\\20181028_104003"/>
         <property name="logFiles" value="D:\\Softwares\\KatalanStudioProjects\\UdemyProject\\Reports\\Decision Tables\\Issuing membership and Discount\\Issuing membership and Discount Suite\\20181028_104003\\execution0.log"/>
         <property name="attachments" value="D:\\Softwares\\KatalanStudioProjects\\UdemyProject\\Reports\\Decision Tables\\Issuing membership and Discount\\Issuing membership and Discount Suite\\20181028_104003\\1540723213887.png, D:\\Softwares\\KatalanStudioProjects\\UdemyProject\\Reports\\Decision Tables\\Issuing membership and Discount\\Issuing membership and Discount Suite\\20181028_104003\\1540723214150.png"/>
         <property name="hostName" value="Vanitha - DESKTOP-SLU6JHH"/>
         <property name="os" value="Windows 10 64bit"/>
         <property name="katalonVersion" value="5.8.3.2"/>
         <property name="browser" value="Chrome 70.0.3538.77"/>
         <property name="hostAddress" value="192.168.56.100"/>
         <property name="sessionId" value="09951ae939d0377e3505ce97ef9daa21"/>
         <property name="seleniumVersion" value="3.7.1"/>
         <property name="proxyInformation" value="ProxyInformation{proxyOption=NO_PROXY, proxyServerType=HTTP, password=, proxyServerAddress=, proxyServerPort=0}"/>
         <property name="platform" value="Windows 10"/>
      </properties>
      <testcase name="Test Cases/Isqtb/Decision tables/Issuing membership and Discount/Rules/Issue MemberShip- Rule 1" classname="Test Cases/Isqtb/Decision tables/Issuing membership and Discount/Rules/Issue MemberShip- Rule 1" status="FAILED">
         <failure type="FAILED" message="(Stack trace: com.kms.katalon.core.exception.StepFailedException: Verify element text of test object 'Object Repository/Decision Tables/Issueing membership and Discount/Rules/Rule1/Page_Black Box Output/td_false' FAILED. (Root cause: Actual text 'true' and expected text 'false' of test object 'Object Repository/Decision Tables/Issueing membership and Discount/Rules/Rule1/Page_Black Box Output/td_false' are NOT matched.)
	at com.kms.katalon.core.keyword.internal.KeywordMain.stepFailed(KeywordMain.groovy:36)
	at com.kms.katalon.core.webui.keyword.internal.WebUIKeywordMain.stepFailed(WebUIKeywordMain.groovy:65)
	at com.kms.katalon.core.webui.keyword.internal.WebUIKeywordMain.runKeyword(WebUIKeywordMain.groovy:27)
	at com.kms.katalon.core.webui.keyword.builtin.VerifyElementTextKeyword.verifyElementText(VerifyElementTextKeyword.groovy:72)
	at com.kms.katalon.core.webui.keyword.builtin.VerifyElementTextKeyword.execute(VerifyElementTextKeyword.groovy:40)
	at com.kms.katalon.core.keyword.internal.KeywordExecutor.executeKeywordForPlatform(KeywordExecutor.groovy:53)
	at com.kms.katalon.core.webui.keyword.WebUiBuiltInKeywords.verifyElementText(WebUiBuiltInKeywords.groovy:3663)
	at com.kms.katalon.core.webui.keyword.WebUiBuiltInKeywords$verifyElementText$4.call(Unknown Source)
	at org.codehaus.groovy.runtime.callsite.CallSiteArray.defaultCall(CallSiteArray.java:48)
	at org.codehaus.groovy.runtime.callsite.AbstractCallSite.call(AbstractCallSite.java:113)
	at org.codehaus.groovy.runtime.callsite.AbstractCallSite.call(AbstractCallSite.java:133)
	at Script1540647795264.run(Script1540647795264.groovy:36)
	at com.kms.katalon.core.main.ScriptEngine.run(ScriptEngine.java:183)
	at com.kms.katalon.core.main.ScriptEngine.runScriptAsRawText(ScriptEngine.java:108)
	at com.kms.katalon.core.main.TestCaseExecutor.runScript(TestCaseExecutor.java:294)
	at com.kms.katalon.core.main.TestCaseExecutor.doExecute(TestCaseExecutor.java:285)
	at com.kms.katalon.core.main.TestCaseExecutor.processExecutionPhase(TestCaseExecutor.java:264)
	at com.kms.katalon.core.main.TestCaseExecutor.accessMainPhase(TestCaseExecutor.java:256)
	at com.kms.katalon.core.main.TestCaseExecutor.execute(TestCaseExecutor.java:200)
	at com.kms.katalon.core.main.TestSuiteExecutor.accessTestCaseMainPhase(TestSuiteExecutor.java:129)
	at com.kms.katalon.core.main.TestSuiteExecutor.accessTestSuiteMainPhase(TestSuiteExecutor.java:112)
	at com.kms.katalon.core.main.TestSuiteExecutor.execute(TestSuiteExecutor.java:81)
	at com.kms.katalon.core.main.TestCaseMain.startTestSuite(TestCaseMain.java:142)
	at com.kms.katalon.core.main.TestCaseMain$startTestSuite$0.call(Unknown Source)
	at org.codehaus.groovy.runtime.callsite.CallSiteArray.defaultCall(CallSiteArray.java:48)
	at org.codehaus.groovy.runtime.callsite.AbstractCallSite.call(AbstractCallSite.java:113)
	at org.codehaus.groovy.runtime.callsite.AbstractCallSite.call(AbstractCallSite.java:141)
	at TempTestSuite1540723208744.run(TempTestSuite1540723208744.groovy:36)
	at groovy.lang.GroovyShell.runScriptOrMainOrTestOrRunnable(GroovyShell.java:263)
	at groovy.lang.GroovyShell.run(GroovyShell.java:518)
	at groovy.lang.GroovyShell.run(GroovyShell.java:507)
	at groovy.ui.GroovyMain.processOnce(GroovyMain.java:653)
	at groovy.ui.GroovyMain.run(GroovyMain.java:384)
	at groovy.ui.GroovyMain.process(GroovyMain.java:370)
	at groovy.ui.GroovyMain.processArgs(GroovyMain.java:129)
	at groovy.ui.GroovyMain.main(GroovyMain.java:109)
	at sun.reflect.NativeMethodAccessorImpl.invoke0(Native Method)
	at sun.reflect.NativeMethodAccessorImpl.invoke(NativeMethodAccessorImpl.java:62)
	at sun.reflect.DelegatingMethodAccessorImpl.invoke(DelegatingMethodAccessorImpl.java:43)
	at java.lang.reflect.Method.invoke(Method.java:498)
	at org.codehaus.groovy.tools.GroovyStarter.rootLoader(GroovyStarter.java:109)
	at org.codehaus.groovy.tools.GroovyStarter.main(GroovyStarter.java:131)
)"/>
         <system-out><![CDATA[2018-10-28 10:40:10 - [TEST_CASE][FAILED] - Test Cases/Isqtb/Decision tables/Issuing membership and Discount/Rules/Issue MemberShip- Rule 1: Test Cases/Isqtb/Decision tables/Issuing membership and Discount/Rules/Issue MemberShip- Rule 1 FAILED because (of) (Stack trace: com.kms.katalon.core.exception.StepFailedException: Verify element text of test object 'Object Repository/Decision Tables/Issueing membership and Discount/Rules/Rule1/Page_Black Box Output/td_false' FAILED. (Root cause: Actual text 'true' and expected text 'false' of test object 'Object Repository/Decision Tables/Issueing membership and Discount/Rules/Rule1/Page_Black Box Output/td_false' are NOT matched.)
	at com.kms.katalon.core.keyword.internal.KeywordMain.stepFailed(KeywordMain.groovy:36)
	at com.kms.katalon.core.webui.keyword.internal.WebUIKeywordMain.stepFailed(WebUIKeywordMain.groovy:65)
	at com.kms.katalon.core.webui.keyword.internal.WebUIKeywordMain.runKeyword(WebUIKeywordMain.groovy:27)
	at com.kms.katalon.core.webui.keyword.builtin.VerifyElementTextKeyword.verifyElementText(VerifyElementTextKeyword.groovy:72)
	at com.kms.katalon.core.webui.keyword.builtin.VerifyElementTextKeyword.execute(VerifyElementTextKeyword.groovy:40)
	at com.kms.katalon.core.keyword.internal.KeywordExecutor.executeKeywordForPlatform(KeywordExecutor.groovy:53)
	at com.kms.katalon.core.webui.keyword.WebUiBuiltInKeywords.verifyElementText(WebUiBuiltInKeywords.groovy:3663)
	at com.kms.katalon.core.webui.keyword.WebUiBuiltInKeywords$verifyElementText$4.call(Unknown Source)
	at org.codehaus.groovy.runtime.callsite.CallSiteArray.defaultCall(CallSiteArray.java:48)
	at org.codehaus.groovy.runtime.callsite.AbstractCallSite.call(AbstractCallSite.java:113)
	at org.codehaus.groovy.runtime.callsite.AbstractCallSite.call(AbstractCallSite.java:133)
	at Script1540647795264.run(Script1540647795264.groovy:36)
	at com.kms.katalon.core.main.ScriptEngine.run(ScriptEngine.java:183)
	at com.kms.katalon.core.main.ScriptEngine.runScriptAsRawText(ScriptEngine.java:108)
	at com.kms.katalon.core.main.TestCaseExecutor.runScript(TestCaseExecutor.java:294)
	at com.kms.katalon.core.main.TestCaseExecutor.doExecute(TestCaseExecutor.java:285)
	at com.kms.katalon.core.main.TestCaseExecutor.processExecutionPhase(TestCaseExecutor.java:264)
	at com.kms.katalon.core.main.TestCaseExecutor.accessMainPhase(TestCaseExecutor.java:256)
	at com.kms.katalon.core.main.TestCaseExecutor.execute(TestCaseExecutor.java:200)
	at com.kms.katalon.core.main.TestSuiteExecutor.accessTestCaseMainPhase(TestSuiteExecutor.java:129)
	at com.kms.katalon.core.main.TestSuiteExecutor.accessTestSuiteMainPhase(TestSuiteExecutor.java:112)
	at com.kms.katalon.core.main.TestSuiteExecutor.execute(TestSuiteExecutor.java:81)
	at com.kms.katalon.core.main.TestCaseMain.startTestSuite(TestCaseMain.java:142)
	at com.kms.katalon.core.main.TestCaseMain$startTestSuite$0.call(Unknown Source)
	at org.codehaus.groovy.runtime.callsite.CallSiteArray.defaultCall(CallSiteArray.java:48)
	at org.codehaus.groovy.runtime.callsite.AbstractCallSite.call(AbstractCallSite.java:113)
	at org.codehaus.groovy.runtime.callsite.AbstractCallSite.call(AbstractCallSite.java:141)
	at TempTestSuite1540723208744.run(TempTestSuite1540723208744.groovy:36)
	at groovy.lang.GroovyShell.runScriptOrMainOrTestOrRunnable(GroovyShell.java:263)
	at groovy.lang.GroovyShell.run(GroovyShell.java:518)
	at groovy.lang.GroovyShell.run(GroovyShell.java:507)
	at groovy.ui.GroovyMain.processOnce(GroovyMain.java:653)
	at groovy.ui.GroovyMain.run(GroovyMain.java:384)
	at groovy.ui.GroovyMain.process(GroovyMain.java:370)
	at groovy.ui.GroovyMain.processArgs(GroovyMain.java:129)
	at groovy.ui.GroovyMain.main(GroovyMain.java:109)
	at sun.reflect.NativeMethodAccessorImpl.invoke0(Native Method)
	at sun.reflect.NativeMethodAccessorImpl.invoke(NativeMethodAccessorImpl.java:62)
	at sun.reflect.DelegatingMethodAccessorImpl.invoke(DelegatingMethodAccessorImpl.java:43)
	at java.lang.reflect.Method.invoke(Method.java:498)
	at org.codehaus.groovy.tools.GroovyStarter.rootLoader(GroovyStarter.java:109)
	at org.codehaus.groovy.tools.GroovyStarter.main(GroovyStarter.java:131)
)

2018-10-28 10:40:10 - [TEST_STEP][PASSED] - openBrowser: Browser is opened with url: ''

2018-10-28 10:40:13 - [MESSAGE][PASSED] - Browser is opened with url: ''

2018-10-28 10:40:13 - [TEST_STEP][PASSED] - navigateToUrl: Navigate to 'http://192.168.56.102:8080/spring-mvc-forms' successfully

2018-10-28 10:40:13 - [MESSAGE][PASSED] - Navigate to 'http://192.168.56.102:8080/spring-mvc-forms' successfully

2018-10-28 10:40:13 - [TEST_STEP][PASSED] - click: Object: 'Object Repository/Decision Tables/Issueing membership and Discount/Rules/Rule1/Page_Home page/a_Decision Tree on AgeResidenc' is clicked on

2018-10-28 10:40:13 - [MESSAGE][PASSED] - Object: 'Object Repository/Decision Tables/Issueing membership and Discount/Rules/Rule1/Page_Home page/a_Decision Tree on AgeResidenc' is clicked on

2018-10-28 10:40:13 - [TEST_STEP][PASSED] - setText: Text 'Rule1' is set on object 'Object Repository/Decision Tables/Issueing membership and Discount/Rules/Rule1/Page_Black Box Enter Residency Deta/input_Name_name'

2018-10-28 10:40:13 - [MESSAGE][PASSED] - Text 'Rule1' is set on object 'Object Repository/Decision Tables/Issueing membership and Discount/Rules/Rule1/Page_Black Box Enter Residency Deta/input_Name_name'

2018-10-28 10:40:13 - [TEST_STEP][PASSED] - setText: Text '75' is set on object 'Object Repository/Decision Tables/Issueing membership and Discount/Rules/Rule1/Page_Black Box Enter Residency Deta/input_Age_age'

2018-10-28 10:40:13 - [MESSAGE][PASSED] - Text '75' is set on object 'Object Repository/Decision Tables/Issueing membership and Discount/Rules/Rule1/Page_Black Box Enter Residency Deta/input_Age_age'

2018-10-28 10:40:13 - [TEST_STEP][PASSED] - click: Object: 'Object Repository/Decision Tables/Issueing membership and Discount/Rules/Rule1/Page_Black Box Enter Residency Deta/input' is clicked on

2018-10-28 10:40:13 - [MESSAGE][PASSED] - Object: 'Object Repository/Decision Tables/Issueing membership and Discount/Rules/Rule1/Page_Black Box Enter Residency Deta/input' is clicked on

2018-10-28 10:40:13 - [TEST_STEP][PASSED] - verifyElementPresent: Object 'Object Repository/Decision Tables/Issueing membership and Discount/Rules/Rule1/Page_Black Box Output/td_Issue MemberShip' is present

2018-10-28 10:40:13 - [MESSAGE][WARNING] - Timeout '0' is invalid. Using default page load timeout: '30'

2018-10-28 10:40:13 - [MESSAGE][PASSED] - Object 'Object Repository/Decision Tables/Issueing membership and Discount/Rules/Rule1/Page_Black Box Output/td_Issue MemberShip' is present

2018-10-28 10:40:13 - [TEST_STEP][PASSED] - verifyElementPresent: Object 'Object Repository/Decision Tables/Issueing membership and Discount/Rules/Rule1/Page_Black Box Output/td_Offer 10 Discount' is present

2018-10-28 10:40:13 - [MESSAGE][WARNING] - Timeout '0' is invalid. Using default page load timeout: '30'

2018-10-28 10:40:13 - [MESSAGE][PASSED] - Object 'Object Repository/Decision Tables/Issueing membership and Discount/Rules/Rule1/Page_Black Box Output/td_Offer 10 Discount' is present

2018-10-28 10:40:13 - [TEST_STEP][FAILED] - verifyElementText: Verify element text of test object 'Object Repository/Decision Tables/Issueing membership and Discount/Rules/Rule1/Page_Black Box Output/td_false' FAILED. (Root cause: Actual text 'true' and expected text 'false' of test object 'Object Repository/Decision Tables/Issueing membership and Discount/Rules/Rule1/Page_Black Box Output/td_false' are NOT matched.)

2018-10-28 10:40:14 - [MESSAGE][FAILED] - Actual text 'true' and expected text 'false' of test object 'Object Repository/Decision Tables/Issueing membership and Discount/Rules/Rule1/Page_Black Box Output/td_false' are NOT matched.
[[ATTACHMENT|D:\\Softwares\\KatalanStudioProjects\\UdemyProject\\Reports\\Decision Tables\\Issuing membership and Discount\\Issuing membership and Discount Suite\\20181028_104003\\1540723213887.png]]

2018-10-28 10:40:14 - [MESSAGE][FAILED] - Verify element text of test object 'Object Repository/Decision Tables/Issueing membership and Discount/Rules/Rule1/Page_Black Box Output/td_false' FAILED. (Root cause: Actual text 'true' and expected text 'false' of test object 'Object Repository/Decision Tables/Issueing membership and Discount/Rules/Rule1/Page_Black Box Output/td_false' are NOT matched.)
[[ATTACHMENT|D:\\Softwares\\KatalanStudioProjects\\UdemyProject\\Reports\\Decision Tables\\Issuing membership and Discount\\Issuing membership and Discount Suite\\20181028_104003\\1540723214150.png]]]]></system-out>
         <system-err><![CDATA[2018-10-28 10:40:10 - [TEST_CASE][FAILED] - Test Cases/Isqtb/Decision tables/Issuing membership and Discount/Rules/Issue MemberShip- Rule 1: Test Cases/Isqtb/Decision tables/Issuing membership and Discount/Rules/Issue MemberShip- Rule 1 FAILED because (of) (Stack trace: com.kms.katalon.core.exception.StepFailedException: Verify element text of test object 'Object Repository/Decision Tables/Issueing membership and Discount/Rules/Rule1/Page_Black Box Output/td_false' FAILED. (Root cause: Actual text 'true' and expected text 'false' of test object 'Object Repository/Decision Tables/Issueing membership and Discount/Rules/Rule1/Page_Black Box Output/td_false' are NOT matched.)
	at com.kms.katalon.core.keyword.internal.KeywordMain.stepFailed(KeywordMain.groovy:36)
	at com.kms.katalon.core.webui.keyword.internal.WebUIKeywordMain.stepFailed(WebUIKeywordMain.groovy:65)
	at com.kms.katalon.core.webui.keyword.internal.WebUIKeywordMain.runKeyword(WebUIKeywordMain.groovy:27)
	at com.kms.katalon.core.webui.keyword.builtin.VerifyElementTextKeyword.verifyElementText(VerifyElementTextKeyword.groovy:72)
	at com.kms.katalon.core.webui.keyword.builtin.VerifyElementTextKeyword.execute(VerifyElementTextKeyword.groovy:40)
	at com.kms.katalon.core.keyword.internal.KeywordExecutor.executeKeywordForPlatform(KeywordExecutor.groovy:53)
	at com.kms.katalon.core.webui.keyword.WebUiBuiltInKeywords.verifyElementText(WebUiBuiltInKeywords.groovy:3663)
	at com.kms.katalon.core.webui.keyword.WebUiBuiltInKeywords$verifyElementText$4.call(Unknown Source)
	at org.codehaus.groovy.runtime.callsite.CallSiteArray.defaultCall(CallSiteArray.java:48)
	at org.codehaus.groovy.runtime.callsite.AbstractCallSite.call(AbstractCallSite.java:113)
	at org.codehaus.groovy.runtime.callsite.AbstractCallSite.call(AbstractCallSite.java:133)
	at Script1540647795264.run(Script1540647795264.groovy:36)
	at com.kms.katalon.core.main.ScriptEngine.run(ScriptEngine.java:183)
	at com.kms.katalon.core.main.ScriptEngine.runScriptAsRawText(ScriptEngine.java:108)
	at com.kms.katalon.core.main.TestCaseExecutor.runScript(TestCaseExecutor.java:294)
	at com.kms.katalon.core.main.TestCaseExecutor.doExecute(TestCaseExecutor.java:285)
	at com.kms.katalon.core.main.TestCaseExecutor.processExecutionPhase(TestCaseExecutor.java:264)
	at com.kms.katalon.core.main.TestCaseExecutor.accessMainPhase(TestCaseExecutor.java:256)
	at com.kms.katalon.core.main.TestCaseExecutor.execute(TestCaseExecutor.java:200)
	at com.kms.katalon.core.main.TestSuiteExecutor.accessTestCaseMainPhase(TestSuiteExecutor.java:129)
	at com.kms.katalon.core.main.TestSuiteExecutor.accessTestSuiteMainPhase(TestSuiteExecutor.java:112)
	at com.kms.katalon.core.main.TestSuiteExecutor.execute(TestSuiteExecutor.java:81)
	at com.kms.katalon.core.main.TestCaseMain.startTestSuite(TestCaseMain.java:142)
	at com.kms.katalon.core.main.TestCaseMain$startTestSuite$0.call(Unknown Source)
	at org.codehaus.groovy.runtime.callsite.CallSiteArray.defaultCall(CallSiteArray.java:48)
	at org.codehaus.groovy.runtime.callsite.AbstractCallSite.call(AbstractCallSite.java:113)
	at org.codehaus.groovy.runtime.callsite.AbstractCallSite.call(AbstractCallSite.java:141)
	at TempTestSuite1540723208744.run(TempTestSuite1540723208744.groovy:36)
	at groovy.lang.GroovyShell.runScriptOrMainOrTestOrRunnable(GroovyShell.java:263)
	at groovy.lang.GroovyShell.run(GroovyShell.java:518)
	at groovy.lang.GroovyShell.run(GroovyShell.java:507)
	at groovy.ui.GroovyMain.processOnce(GroovyMain.java:653)
	at groovy.ui.GroovyMain.run(GroovyMain.java:384)
	at groovy.ui.GroovyMain.process(GroovyMain.java:370)
	at groovy.ui.GroovyMain.processArgs(GroovyMain.java:129)
	at groovy.ui.GroovyMain.main(GroovyMain.java:109)
	at sun.reflect.NativeMethodAccessorImpl.invoke0(Native Method)
	at sun.reflect.NativeMethodAccessorImpl.invoke(NativeMethodAccessorImpl.java:62)
	at sun.reflect.DelegatingMethodAccessorImpl.invoke(DelegatingMethodAccessorImpl.java:43)
	at java.lang.reflect.Method.invoke(Method.java:498)
	at org.codehaus.groovy.tools.GroovyStarter.rootLoader(GroovyStarter.java:109)
	at org.codehaus.groovy.tools.GroovyStarter.main(GroovyStarter.java:131)
)]]></system-err>
      </testcase>
      <testcase name="Test Cases/Isqtb/Decision tables/Issuing membership and Discount/Rules/Issue MemberShip- Rule 2" classname="Test Cases/Isqtb/Decision tables/Issuing membership and Discount/Rules/Issue MemberShip- Rule 2" status="PASSED">
         <system-out><![CDATA[2018-10-28 10:40:14 - [TEST_CASE][PASSED] - Test Cases/Isqtb/Decision tables/Issuing membership and Discount/Rules/Issue MemberShip- Rule 2: Test Cases/Isqtb/Decision tables/Issuing membership and Discount/Rules/Issue MemberShip- Rule 2

2018-10-28 10:40:14 - [TEST_STEP][PASSED] - openBrowser: Browser is opened with url: ''

2018-10-28 10:40:14 - [MESSAGE][WARNING] - A browser is already opened. Closing browser and opening a new one

2018-10-28 10:40:17 - [MESSAGE][PASSED] - Browser is opened with url: ''

2018-10-28 10:40:17 - [TEST_STEP][PASSED] - navigateToUrl: Navigate to 'http://192.168.56.102:8080/spring-mvc-forms' successfully

2018-10-28 10:40:17 - [MESSAGE][PASSED] - Navigate to 'http://192.168.56.102:8080/spring-mvc-forms' successfully

2018-10-28 10:40:17 - [TEST_STEP][PASSED] - click: Object: 'Object Repository/Decision Tables/Issueing membership and Discount/Rules/Rule2/Page_Home page/a_Decision Tree on AgeResidenc' is clicked on

2018-10-28 10:40:17 - [MESSAGE][PASSED] - Object: 'Object Repository/Decision Tables/Issueing membership and Discount/Rules/Rule2/Page_Home page/a_Decision Tree on AgeResidenc' is clicked on

2018-10-28 10:40:17 - [TEST_STEP][PASSED] - setText: Text 'Rule2' is set on object 'Object Repository/Decision Tables/Issueing membership and Discount/Rules/Rule2/Page_Black Box Enter Residency Deta/input_Name_name'

2018-10-28 10:40:17 - [MESSAGE][PASSED] - Text 'Rule2' is set on object 'Object Repository/Decision Tables/Issueing membership and Discount/Rules/Rule2/Page_Black Box Enter Residency Deta/input_Name_name'

2018-10-28 10:40:17 - [TEST_STEP][PASSED] - click: Object: 'Object Repository/Decision Tables/Issueing membership and Discount/Rules/Rule2/Page_Black Box Enter Residency Deta/input_Indian Resident_indianRe' is clicked on

2018-10-28 10:40:17 - [MESSAGE][PASSED] - Object: 'Object Repository/Decision Tables/Issueing membership and Discount/Rules/Rule2/Page_Black Box Enter Residency Deta/input_Indian Resident_indianRe' is clicked on

2018-10-28 10:40:17 - [TEST_STEP][PASSED] - setText: Text '70' is set on object 'Object Repository/Decision Tables/Issueing membership and Discount/Rules/Rule2/Page_Black Box Enter Residency Deta/input_Age_age'

2018-10-28 10:40:17 - [MESSAGE][PASSED] - Text '70' is set on object 'Object Repository/Decision Tables/Issueing membership and Discount/Rules/Rule2/Page_Black Box Enter Residency Deta/input_Age_age'

2018-10-28 10:40:17 - [TEST_STEP][PASSED] - click: Object: 'Object Repository/Decision Tables/Issueing membership and Discount/Rules/Rule2/Page_Black Box Enter Residency Deta/input' is clicked on

2018-10-28 10:40:17 - [MESSAGE][PASSED] - Object: 'Object Repository/Decision Tables/Issueing membership and Discount/Rules/Rule2/Page_Black Box Enter Residency Deta/input' is clicked on

2018-10-28 10:40:17 - [TEST_STEP][PASSED] - click: Object: 'Object Repository/Decision Tables/Issueing membership and Discount/Rules/Rule2/Page_Black Box Output/td_Issue MemberShip' is clicked on

2018-10-28 10:40:17 - [MESSAGE][PASSED] - Object: 'Object Repository/Decision Tables/Issueing membership and Discount/Rules/Rule2/Page_Black Box Output/td_Issue MemberShip' is clicked on

2018-10-28 10:40:17 - [TEST_STEP][PASSED] - click: Object: 'Object Repository/Decision Tables/Issueing membership and Discount/Rules/Rule2/Page_Black Box Output/td_Offer 10 Discount' is clicked on

2018-10-28 10:40:17 - [MESSAGE][PASSED] - Object: 'Object Repository/Decision Tables/Issueing membership and Discount/Rules/Rule2/Page_Black Box Output/td_Offer 10 Discount' is clicked on

2018-10-28 10:40:17 - [TEST_STEP][PASSED] - click: Object: 'Object Repository/Decision Tables/Issueing membership and Discount/Rules/Rule2/Page_Black Box Output/td_false' is clicked on

2018-10-28 10:40:17 - [MESSAGE][PASSED] - Object: 'Object Repository/Decision Tables/Issueing membership and Discount/Rules/Rule2/Page_Black Box Output/td_false' is clicked on

2018-10-28 10:40:17 - [TEST_STEP][PASSED] - click: Object: 'Object Repository/Decision Tables/Issueing membership and Discount/Rules/Rule2/Page_Black Box Output/td_false_1' is clicked on

2018-10-28 10:40:17 - [MESSAGE][PASSED] - Object: 'Object Repository/Decision Tables/Issueing membership and Discount/Rules/Rule2/Page_Black Box Output/td_false_1' is clicked on

2018-10-28 10:40:17 - [TEST_STEP][PASSED] - verifyElementPresent: Object 'Object Repository/Decision Tables/Issueing membership and Discount/Rules/Rule2/Page_Black Box Output/td_Issue MemberShip' is present

2018-10-28 10:40:17 - [MESSAGE][WARNING] - Timeout '0' is invalid. Using default page load timeout: '30'

2018-10-28 10:40:17 - [MESSAGE][PASSED] - Object 'Object Repository/Decision Tables/Issueing membership and Discount/Rules/Rule2/Page_Black Box Output/td_Issue MemberShip' is present

2018-10-28 10:40:17 - [TEST_STEP][PASSED] - verifyElementPresent: Object 'Object Repository/Decision Tables/Issueing membership and Discount/Rules/Rule2/Page_Black Box Output/td_Offer 10 Discount' is present

2018-10-28 10:40:17 - [MESSAGE][WARNING] - Timeout '0' is invalid. Using default page load timeout: '30'

2018-10-28 10:40:17 - [MESSAGE][PASSED] - Object 'Object Repository/Decision Tables/Issueing membership and Discount/Rules/Rule2/Page_Black Box Output/td_Offer 10 Discount' is present

2018-10-28 10:40:17 - [TEST_STEP][PASSED] - verifyElementText: Actual text and expected text of test object 'Object Repository/Decision Tables/Issueing membership and Discount/Rules/Rule2/Page_Black Box Output/td_false' are matched.

2018-10-28 10:40:17 - [MESSAGE][PASSED] - Actual text and expected text of test object 'Object Repository/Decision Tables/Issueing membership and Discount/Rules/Rule2/Page_Black Box Output/td_false' are matched.

2018-10-28 10:40:17 - [TEST_STEP][PASSED] - verifyElementText: Actual text and expected text of test object 'Object Repository/Decision Tables/Issueing membership and Discount/Rules/Rule2/Page_Black Box Output/td_false_1' are matched.

2018-10-28 10:40:17 - [MESSAGE][PASSED] - Actual text and expected text of test object 'Object Repository/Decision Tables/Issueing membership and Discount/Rules/Rule2/Page_Black Box Output/td_false_1' are matched.

2018-10-28 10:40:17 - [TEST_STEP][PASSED] - closeBrowser: Browser is closed

2018-10-28 10:40:18 - [MESSAGE][PASSED] - Browser is closed]]></system-out>
         <system-err><![CDATA[]]></system-err>
      </testcase>
      <testcase name="Test Cases/Isqtb/Decision tables/Issuing membership and Discount/Rules/Issue MemberShip- Rule 3" classname="Test Cases/Isqtb/Decision tables/Issuing membership and Discount/Rules/Issue MemberShip- Rule 3" status="PASSED">
         <system-out><![CDATA[2018-10-28 10:40:18 - [TEST_CASE][PASSED] - Test Cases/Isqtb/Decision tables/Issuing membership and Discount/Rules/Issue MemberShip- Rule 3: Test Cases/Isqtb/Decision tables/Issuing membership and Discount/Rules/Issue MemberShip- Rule 3

2018-10-28 10:40:18 - [TEST_STEP][PASSED] - openBrowser: Browser is opened with url: ''

2018-10-28 10:40:20 - [MESSAGE][PASSED] - Browser is opened with url: ''

2018-10-28 10:40:20 - [TEST_STEP][PASSED] - navigateToUrl: Navigate to 'http://192.168.56.102:8080/spring-mvc-forms' successfully

2018-10-28 10:40:20 - [MESSAGE][PASSED] - Navigate to 'http://192.168.56.102:8080/spring-mvc-forms' successfully

2018-10-28 10:40:20 - [TEST_STEP][PASSED] - click: Object: 'Object Repository/Decision Tables/Issueing membership and Discount/Rules/Rule3/Page_Home page/a_Decision Tree on AgeResidenc' is clicked on

2018-10-28 10:40:20 - [MESSAGE][PASSED] - Object: 'Object Repository/Decision Tables/Issueing membership and Discount/Rules/Rule3/Page_Home page/a_Decision Tree on AgeResidenc' is clicked on

2018-10-28 10:40:20 - [TEST_STEP][PASSED] - setText: Text 'Rule3' is set on object 'Object Repository/Decision Tables/Issueing membership and Discount/Rules/Rule3/Page_Black Box Enter Residency Deta/input_Name_name'

2018-10-28 10:40:20 - [MESSAGE][PASSED] - Text 'Rule3' is set on object 'Object Repository/Decision Tables/Issueing membership and Discount/Rules/Rule3/Page_Black Box Enter Residency Deta/input_Name_name'

2018-10-28 10:40:20 - [TEST_STEP][PASSED] - click: Object: 'Object Repository/Decision Tables/Issueing membership and Discount/Rules/Rule3/Page_Black Box Enter Residency Deta/input_Indian Resident_indianRe' is clicked on

2018-10-28 10:40:20 - [MESSAGE][PASSED] - Object: 'Object Repository/Decision Tables/Issueing membership and Discount/Rules/Rule3/Page_Black Box Enter Residency Deta/input_Indian Resident_indianRe' is clicked on

2018-10-28 10:40:20 - [TEST_STEP][PASSED] - setText: Text '45' is set on object 'Object Repository/Decision Tables/Issueing membership and Discount/Rules/Rule3/Page_Black Box Enter Residency Deta/input_Age_age'

2018-10-28 10:40:21 - [MESSAGE][PASSED] - Text '45' is set on object 'Object Repository/Decision Tables/Issueing membership and Discount/Rules/Rule3/Page_Black Box Enter Residency Deta/input_Age_age'

2018-10-28 10:40:21 - [TEST_STEP][PASSED] - click: Object: 'Object Repository/Decision Tables/Issueing membership and Discount/Rules/Rule3/Page_Black Box Enter Residency Deta/input' is clicked on

2018-10-28 10:40:21 - [MESSAGE][PASSED] - Object: 'Object Repository/Decision Tables/Issueing membership and Discount/Rules/Rule3/Page_Black Box Enter Residency Deta/input' is clicked on

2018-10-28 10:40:21 - [TEST_STEP][PASSED] - click: Object: 'Object Repository/Decision Tables/Issueing membership and Discount/Rules/Rule3/Page_Black Box Output/td_Issue MemberShip' is clicked on

2018-10-28 10:40:21 - [MESSAGE][PASSED] - Object: 'Object Repository/Decision Tables/Issueing membership and Discount/Rules/Rule3/Page_Black Box Output/td_Issue MemberShip' is clicked on

2018-10-28 10:40:21 - [TEST_STEP][PASSED] - click: Object: 'Object Repository/Decision Tables/Issueing membership and Discount/Rules/Rule3/Page_Black Box Output/td_true' is clicked on

2018-10-28 10:40:21 - [MESSAGE][PASSED] - Object: 'Object Repository/Decision Tables/Issueing membership and Discount/Rules/Rule3/Page_Black Box Output/td_true' is clicked on

2018-10-28 10:40:21 - [TEST_STEP][PASSED] - click: Object: 'Object Repository/Decision Tables/Issueing membership and Discount/Rules/Rule3/Page_Black Box Output/td_true_1' is clicked on

2018-10-28 10:40:21 - [MESSAGE][PASSED] - Object: 'Object Repository/Decision Tables/Issueing membership and Discount/Rules/Rule3/Page_Black Box Output/td_true_1' is clicked on

2018-10-28 10:40:21 - [TEST_STEP][PASSED] - click: Object: 'Object Repository/Decision Tables/Issueing membership and Discount/Rules/Rule3/Page_Black Box Output/td_Offer 10 Discount' is clicked on

2018-10-28 10:40:21 - [MESSAGE][PASSED] - Object: 'Object Repository/Decision Tables/Issueing membership and Discount/Rules/Rule3/Page_Black Box Output/td_Offer 10 Discount' is clicked on

2018-10-28 10:40:21 - [TEST_STEP][PASSED] - verifyElementPresent: Object 'Object Repository/Decision Tables/Issueing membership and Discount/Rules/Rule3/Page_Black Box Output/td_Issue MemberShip' is present

2018-10-28 10:40:21 - [MESSAGE][WARNING] - Timeout '0' is invalid. Using default page load timeout: '30'

2018-10-28 10:40:21 - [MESSAGE][PASSED] - Object 'Object Repository/Decision Tables/Issueing membership and Discount/Rules/Rule3/Page_Black Box Output/td_Issue MemberShip' is present

2018-10-28 10:40:21 - [TEST_STEP][PASSED] - verifyElementPresent: Object 'Object Repository/Decision Tables/Issueing membership and Discount/Rules/Rule3/Page_Black Box Output/td_Offer 10 Discount' is present

2018-10-28 10:40:21 - [MESSAGE][WARNING] - Timeout '0' is invalid. Using default page load timeout: '30'

2018-10-28 10:40:21 - [MESSAGE][PASSED] - Object 'Object Repository/Decision Tables/Issueing membership and Discount/Rules/Rule3/Page_Black Box Output/td_Offer 10 Discount' is present

2018-10-28 10:40:21 - [TEST_STEP][PASSED] - verifyElementText: Actual text and expected text of test object 'Object Repository/Decision Tables/Issueing membership and Discount/Rules/Rule3/Page_Black Box Output/td_true' are matched.

2018-10-28 10:40:21 - [MESSAGE][PASSED] - Actual text and expected text of test object 'Object Repository/Decision Tables/Issueing membership and Discount/Rules/Rule3/Page_Black Box Output/td_true' are matched.

2018-10-28 10:40:21 - [TEST_STEP][PASSED] - verifyElementText: Actual text and expected text of test object 'Object Repository/Decision Tables/Issueing membership and Discount/Rules/Rule3/Page_Black Box Output/td_true_1' are matched.

2018-10-28 10:40:21 - [MESSAGE][PASSED] - Actual text and expected text of test object 'Object Repository/Decision Tables/Issueing membership and Discount/Rules/Rule3/Page_Black Box Output/td_true_1' are matched.

2018-10-28 10:40:21 - [TEST_STEP][PASSED] - closeBrowser: Browser is closed

2018-10-28 10:40:22 - [MESSAGE][PASSED] - Browser is closed]]></system-out>
         <system-err><![CDATA[]]></system-err>
      </testcase>
      <testcase name="Test Cases/Isqtb/Decision tables/Issuing membership and Discount/Rules/Issue MemberShip- Rule 4" classname="Test Cases/Isqtb/Decision tables/Issuing membership and Discount/Rules/Issue MemberShip- Rule 4" status="PASSED">
         <system-out><![CDATA[2018-10-28 10:40:22 - [TEST_CASE][PASSED] - Test Cases/Isqtb/Decision tables/Issuing membership and Discount/Rules/Issue MemberShip- Rule 4: Test Cases/Isqtb/Decision tables/Issuing membership and Discount/Rules/Issue MemberShip- Rule 4

2018-10-28 10:40:22 - [TEST_STEP][PASSED] - openBrowser: Browser is opened with url: ''

2018-10-28 10:40:24 - [MESSAGE][PASSED] - Browser is opened with url: ''

2018-10-28 10:40:24 - [TEST_STEP][PASSED] - navigateToUrl: Navigate to 'http://192.168.56.102:8080/spring-mvc-forms' successfully

2018-10-28 10:40:24 - [MESSAGE][PASSED] - Navigate to 'http://192.168.56.102:8080/spring-mvc-forms' successfully

2018-10-28 10:40:24 - [TEST_STEP][PASSED] - click: Object: 'Object Repository/Decision Tables/Issueing membership and Discount/Rules/Rule4/Page_Home page/a_Decision Tree on AgeResidenc' is clicked on

2018-10-28 10:40:24 - [MESSAGE][PASSED] - Object: 'Object Repository/Decision Tables/Issueing membership and Discount/Rules/Rule4/Page_Home page/a_Decision Tree on AgeResidenc' is clicked on

2018-10-28 10:40:24 - [TEST_STEP][PASSED] - setText: Text 'Alpha' is set on object 'Object Repository/Decision Tables/Issueing membership and Discount/Rules/Rule4/Page_Black Box Enter Residency Deta/input_Name_name'

2018-10-28 10:40:24 - [MESSAGE][PASSED] - Text 'Alpha' is set on object 'Object Repository/Decision Tables/Issueing membership and Discount/Rules/Rule4/Page_Black Box Enter Residency Deta/input_Name_name'

2018-10-28 10:40:24 - [TEST_STEP][PASSED] - click: Object: 'Object Repository/Decision Tables/Issueing membership and Discount/Rules/Rule4/Page_Black Box Enter Residency Deta/input_Indian Resident_indianRe' is clicked on

2018-10-28 10:40:24 - [MESSAGE][PASSED] - Object: 'Object Repository/Decision Tables/Issueing membership and Discount/Rules/Rule4/Page_Black Box Enter Residency Deta/input_Indian Resident_indianRe' is clicked on

2018-10-28 10:40:24 - [TEST_STEP][PASSED] - click: Object: 'Object Repository/Decision Tables/Issueing membership and Discount/Rules/Rule4/Page_Black Box Enter Residency Deta/input_Marital Status_married' is clicked on

2018-10-28 10:40:24 - [MESSAGE][PASSED] - Object: 'Object Repository/Decision Tables/Issueing membership and Discount/Rules/Rule4/Page_Black Box Enter Residency Deta/input_Marital Status_married' is clicked on

2018-10-28 10:40:24 - [TEST_STEP][PASSED] - setText: Text '45' is set on object 'Object Repository/Decision Tables/Issueing membership and Discount/Rules/Rule4/Page_Black Box Enter Residency Deta/input_Age_age'

2018-10-28 10:40:24 - [MESSAGE][PASSED] - Text '45' is set on object 'Object Repository/Decision Tables/Issueing membership and Discount/Rules/Rule4/Page_Black Box Enter Residency Deta/input_Age_age'

2018-10-28 10:40:24 - [TEST_STEP][PASSED] - click: Object: 'Object Repository/Decision Tables/Issueing membership and Discount/Rules/Rule4/Page_Black Box Enter Residency Deta/input' is clicked on

2018-10-28 10:40:24 - [MESSAGE][PASSED] - Object: 'Object Repository/Decision Tables/Issueing membership and Discount/Rules/Rule4/Page_Black Box Enter Residency Deta/input' is clicked on

2018-10-28 10:40:24 - [TEST_STEP][PASSED] - click: Object: 'Object Repository/Decision Tables/Issueing membership and Discount/Rules/Rule4/Page_Black Box Output/td_Issue MemberShip' is clicked on

2018-10-28 10:40:24 - [MESSAGE][PASSED] - Object: 'Object Repository/Decision Tables/Issueing membership and Discount/Rules/Rule4/Page_Black Box Output/td_Issue MemberShip' is clicked on

2018-10-28 10:40:24 - [TEST_STEP][PASSED] - click: Object: 'Object Repository/Decision Tables/Issueing membership and Discount/Rules/Rule4/Page_Black Box Output/td_Offer 10 Discount' is clicked on

2018-10-28 10:40:24 - [MESSAGE][PASSED] - Object: 'Object Repository/Decision Tables/Issueing membership and Discount/Rules/Rule4/Page_Black Box Output/td_Offer 10 Discount' is clicked on

2018-10-28 10:40:24 - [TEST_STEP][PASSED] - click: Object: 'Object Repository/Decision Tables/Issueing membership and Discount/Rules/Rule4/Page_Black Box Output/td_true' is clicked on

2018-10-28 10:40:25 - [MESSAGE][PASSED] - Object: 'Object Repository/Decision Tables/Issueing membership and Discount/Rules/Rule4/Page_Black Box Output/td_true' is clicked on

2018-10-28 10:40:25 - [TEST_STEP][PASSED] - click: Object: 'Object Repository/Decision Tables/Issueing membership and Discount/Rules/Rule4/Page_Black Box Output/td_false' is clicked on

2018-10-28 10:40:25 - [MESSAGE][PASSED] - Object: 'Object Repository/Decision Tables/Issueing membership and Discount/Rules/Rule4/Page_Black Box Output/td_false' is clicked on

2018-10-28 10:40:25 - [TEST_STEP][PASSED] - verifyElementPresent: Object 'Object Repository/Decision Tables/Issueing membership and Discount/Rules/Rule4/Page_Black Box Output/td_Issue MemberShip' is present

2018-10-28 10:40:25 - [MESSAGE][WARNING] - Timeout '0' is invalid. Using default page load timeout: '30'

2018-10-28 10:40:25 - [MESSAGE][PASSED] - Object 'Object Repository/Decision Tables/Issueing membership and Discount/Rules/Rule4/Page_Black Box Output/td_Issue MemberShip' is present

2018-10-28 10:40:25 - [TEST_STEP][PASSED] - verifyElementPresent: Object 'Object Repository/Decision Tables/Issueing membership and Discount/Rules/Rule4/Page_Black Box Output/td_Offer 10 Discount' is present

2018-10-28 10:40:25 - [MESSAGE][WARNING] - Timeout '0' is invalid. Using default page load timeout: '30'

2018-10-28 10:40:25 - [MESSAGE][PASSED] - Object 'Object Repository/Decision Tables/Issueing membership and Discount/Rules/Rule4/Page_Black Box Output/td_Offer 10 Discount' is present

2018-10-28 10:40:25 - [TEST_STEP][PASSED] - verifyElementText: Actual text and expected text of test object 'Object Repository/Decision Tables/Issueing membership and Discount/Rules/Rule4/Page_Black Box Output/td_false' are matched.

2018-10-28 10:40:25 - [MESSAGE][PASSED] - Actual text and expected text of test object 'Object Repository/Decision Tables/Issueing membership and Discount/Rules/Rule4/Page_Black Box Output/td_false' are matched.

2018-10-28 10:40:25 - [TEST_STEP][PASSED] - verifyElementText: Actual text and expected text of test object 'Object Repository/Decision Tables/Issueing membership and Discount/Rules/Rule4/Page_Black Box Output/td_true' are matched.

2018-10-28 10:40:25 - [MESSAGE][PASSED] - Actual text and expected text of test object 'Object Repository/Decision Tables/Issueing membership and Discount/Rules/Rule4/Page_Black Box Output/td_true' are matched.

2018-10-28 10:40:25 - [TEST_STEP][PASSED] - closeBrowser: Browser is closed

2018-10-28 10:40:25 - [MESSAGE][PASSED] - Browser is closed]]></system-out>
         <system-err><![CDATA[]]></system-err>
      </testcase>
      <system-out><![CDATA[2018-10-28 10:40:09 - [TEST_SUITE][FAILED] - Issuing membership and Discount Suite: Test Cases/Isqtb/Decision tables/Issuing membership and Discount/Rules/Issue MemberShip- Rule 1 FAILED because (of) (Stack trace: com.kms.katalon.core.exception.StepFailedException: Verify element text of test object 'Object Repository/Decision Tables/Issueing membership and Discount/Rules/Rule1/Page_Black Box Output/td_false' FAILED. (Root cause: Actual text 'true' and expected text 'false' of test object 'Object Repository/Decision Tables/Issueing membership and Discount/Rules/Rule1/Page_Black Box Output/td_false' are NOT matched.)
	at com.kms.katalon.core.keyword.internal.KeywordMain.stepFailed(KeywordMain.groovy:36)
	at com.kms.katalon.core.webui.keyword.internal.WebUIKeywordMain.stepFailed(WebUIKeywordMain.groovy:65)
	at com.kms.katalon.core.webui.keyword.internal.WebUIKeywordMain.runKeyword(WebUIKeywordMain.groovy:27)
	at com.kms.katalon.core.webui.keyword.builtin.VerifyElementTextKeyword.verifyElementText(VerifyElementTextKeyword.groovy:72)
	at com.kms.katalon.core.webui.keyword.builtin.VerifyElementTextKeyword.execute(VerifyElementTextKeyword.groovy:40)
	at com.kms.katalon.core.keyword.internal.KeywordExecutor.executeKeywordForPlatform(KeywordExecutor.groovy:53)
	at com.kms.katalon.core.webui.keyword.WebUiBuiltInKeywords.verifyElementText(WebUiBuiltInKeywords.groovy:3663)
	at com.kms.katalon.core.webui.keyword.WebUiBuiltInKeywords$verifyElementText$4.call(Unknown Source)
	at org.codehaus.groovy.runtime.callsite.CallSiteArray.defaultCall(CallSiteArray.java:48)
	at org.codehaus.groovy.runtime.callsite.AbstractCallSite.call(AbstractCallSite.java:113)
	at org.codehaus.groovy.runtime.callsite.AbstractCallSite.call(AbstractCallSite.java:133)
	at Script1540647795264.run(Script1540647795264.groovy:36)
	at com.kms.katalon.core.main.ScriptEngine.run(ScriptEngine.java:183)
	at com.kms.katalon.core.main.ScriptEngine.runScriptAsRawText(ScriptEngine.java:108)
	at com.kms.katalon.core.main.TestCaseExecutor.runScript(TestCaseExecutor.java:294)
	at com.kms.katalon.core.main.TestCaseExecutor.doExecute(TestCaseExecutor.java:285)
	at com.kms.katalon.core.main.TestCaseExecutor.processExecutionPhase(TestCaseExecutor.java:264)
	at com.kms.katalon.core.main.TestCaseExecutor.accessMainPhase(TestCaseExecutor.java:256)
	at com.kms.katalon.core.main.TestCaseExecutor.execute(TestCaseExecutor.java:200)
	at com.kms.katalon.core.main.TestSuiteExecutor.accessTestCaseMainPhase(TestSuiteExecutor.java:129)
	at com.kms.katalon.core.main.TestSuiteExecutor.accessTestSuiteMainPhase(TestSuiteExecutor.java:112)
	at com.kms.katalon.core.main.TestSuiteExecutor.execute(TestSuiteExecutor.java:81)
	at com.kms.katalon.core.main.TestCaseMain.startTestSuite(TestCaseMain.java:142)
	at com.kms.katalon.core.main.TestCaseMain$startTestSuite$0.call(Unknown Source)
	at org.codehaus.groovy.runtime.callsite.CallSiteArray.defaultCall(CallSiteArray.java:48)
	at org.codehaus.groovy.runtime.callsite.AbstractCallSite.call(AbstractCallSite.java:113)
	at org.codehaus.groovy.runtime.callsite.AbstractCallSite.call(AbstractCallSite.java:141)
	at TempTestSuite1540723208744.run(TempTestSuite1540723208744.groovy:36)
	at groovy.lang.GroovyShell.runScriptOrMainOrTestOrRunnable(GroovyShell.java:263)
	at groovy.lang.GroovyShell.run(GroovyShell.java:518)
	at groovy.lang.GroovyShell.run(GroovyShell.java:507)
	at groovy.ui.GroovyMain.processOnce(GroovyMain.java:653)
	at groovy.ui.GroovyMain.run(GroovyMain.java:384)
	at groovy.ui.GroovyMain.process(GroovyMain.java:370)
	at groovy.ui.GroovyMain.processArgs(GroovyMain.java:129)
	at groovy.ui.GroovyMain.main(GroovyMain.java:109)
	at sun.reflect.NativeMethodAccessorImpl.invoke0(Native Method)
	at sun.reflect.NativeMethodAccessorImpl.invoke(NativeMethodAccessorImpl.java:62)
	at sun.reflect.DelegatingMethodAccessorImpl.invoke(DelegatingMethodAccessorImpl.java:43)
	at java.lang.reflect.Method.invoke(Method.java:498)
	at org.codehaus.groovy.tools.GroovyStarter.rootLoader(GroovyStarter.java:109)
	at org.codehaus.groovy.tools.GroovyStarter.main(GroovyStarter.java:131)
)]]></system-out>
      <system-err><![CDATA[2018-10-28 10:40:09 - [TEST_SUITE][FAILED] - Issuing membership and Discount Suite: Test Cases/Isqtb/Decision tables/Issuing membership and Discount/Rules/Issue MemberShip- Rule 1 FAILED because (of) (Stack trace: com.kms.katalon.core.exception.StepFailedException: Verify element text of test object 'Object Repository/Decision Tables/Issueing membership and Discount/Rules/Rule1/Page_Black Box Output/td_false' FAILED. (Root cause: Actual text 'true' and expected text 'false' of test object 'Object Repository/Decision Tables/Issueing membership and Discount/Rules/Rule1/Page_Black Box Output/td_false' are NOT matched.)
	at com.kms.katalon.core.keyword.internal.KeywordMain.stepFailed(KeywordMain.groovy:36)
	at com.kms.katalon.core.webui.keyword.internal.WebUIKeywordMain.stepFailed(WebUIKeywordMain.groovy:65)
	at com.kms.katalon.core.webui.keyword.internal.WebUIKeywordMain.runKeyword(WebUIKeywordMain.groovy:27)
	at com.kms.katalon.core.webui.keyword.builtin.VerifyElementTextKeyword.verifyElementText(VerifyElementTextKeyword.groovy:72)
	at com.kms.katalon.core.webui.keyword.builtin.VerifyElementTextKeyword.execute(VerifyElementTextKeyword.groovy:40)
	at com.kms.katalon.core.keyword.internal.KeywordExecutor.executeKeywordForPlatform(KeywordExecutor.groovy:53)
	at com.kms.katalon.core.webui.keyword.WebUiBuiltInKeywords.verifyElementText(WebUiBuiltInKeywords.groovy:3663)
	at com.kms.katalon.core.webui.keyword.WebUiBuiltInKeywords$verifyElementText$4.call(Unknown Source)
	at org.codehaus.groovy.runtime.callsite.CallSiteArray.defaultCall(CallSiteArray.java:48)
	at org.codehaus.groovy.runtime.callsite.AbstractCallSite.call(AbstractCallSite.java:113)
	at org.codehaus.groovy.runtime.callsite.AbstractCallSite.call(AbstractCallSite.java:133)
	at Script1540647795264.run(Script1540647795264.groovy:36)
	at com.kms.katalon.core.main.ScriptEngine.run(ScriptEngine.java:183)
	at com.kms.katalon.core.main.ScriptEngine.runScriptAsRawText(ScriptEngine.java:108)
	at com.kms.katalon.core.main.TestCaseExecutor.runScript(TestCaseExecutor.java:294)
	at com.kms.katalon.core.main.TestCaseExecutor.doExecute(TestCaseExecutor.java:285)
	at com.kms.katalon.core.main.TestCaseExecutor.processExecutionPhase(TestCaseExecutor.java:264)
	at com.kms.katalon.core.main.TestCaseExecutor.accessMainPhase(TestCaseExecutor.java:256)
	at com.kms.katalon.core.main.TestCaseExecutor.execute(TestCaseExecutor.java:200)
	at com.kms.katalon.core.main.TestSuiteExecutor.accessTestCaseMainPhase(TestSuiteExecutor.java:129)
	at com.kms.katalon.core.main.TestSuiteExecutor.accessTestSuiteMainPhase(TestSuiteExecutor.java:112)
	at com.kms.katalon.core.main.TestSuiteExecutor.execute(TestSuiteExecutor.java:81)
	at com.kms.katalon.core.main.TestCaseMain.startTestSuite(TestCaseMain.java:142)
	at com.kms.katalon.core.main.TestCaseMain$startTestSuite$0.call(Unknown Source)
	at org.codehaus.groovy.runtime.callsite.CallSiteArray.defaultCall(CallSiteArray.java:48)
	at org.codehaus.groovy.runtime.callsite.AbstractCallSite.call(AbstractCallSite.java:113)
	at org.codehaus.groovy.runtime.callsite.AbstractCallSite.call(AbstractCallSite.java:141)
	at TempTestSuite1540723208744.run(TempTestSuite1540723208744.groovy:36)
	at groovy.lang.GroovyShell.runScriptOrMainOrTestOrRunnable(GroovyShell.java:263)
	at groovy.lang.GroovyShell.run(GroovyShell.java:518)
	at groovy.lang.GroovyShell.run(GroovyShell.java:507)
	at groovy.ui.GroovyMain.processOnce(GroovyMain.java:653)
	at groovy.ui.GroovyMain.run(GroovyMain.java:384)
	at groovy.ui.GroovyMain.process(GroovyMain.java:370)
	at groovy.ui.GroovyMain.processArgs(GroovyMain.java:129)
	at groovy.ui.GroovyMain.main(GroovyMain.java:109)
	at sun.reflect.NativeMethodAccessorImpl.invoke0(Native Method)
	at sun.reflect.NativeMethodAccessorImpl.invoke(NativeMethodAccessorImpl.java:62)
	at sun.reflect.DelegatingMethodAccessorImpl.invoke(DelegatingMethodAccessorImpl.java:43)
	at java.lang.reflect.Method.invoke(Method.java:498)
	at org.codehaus.groovy.tools.GroovyStarter.rootLoader(GroovyStarter.java:109)
	at org.codehaus.groovy.tools.GroovyStarter.main(GroovyStarter.java:131)
)]]></system-err>
   </testsuite>
</testsuites>
